2025-11-23 17:29:58,734 - twister - INFO - Using Ninja..
2025-11-23 17:29:58,922 - twister - INFO - Zephyr version: v4.0.99-ncs1-2
2025-11-23 17:29:58,940 - twister - DEBUG - Running cmake script c:\ncs\v3.0.2\zephyr\cmake\verify-toolchain.cmake
2025-11-23 17:29:58,941 - twister - DEBUG - Calling cmake: ['C:\\ncs\\toolchains\\0b393f9e1b\\opt\\bin\\cmake.EXE', '-DFORMAT=json', '-P', 'c:\\ncs\\v3.0.2\\zephyr\\cmake\\verify-toolchain.cmake']
2025-11-23 17:29:59,673 - twister - DEBUG - Finished running c:\ncs\v3.0.2\zephyr\cmake\verify-toolchain.cmake
2025-11-23 17:29:59,673 - twister - INFO - Using 'zephyr' toolchain.
2025-11-23 17:30:01,068 - twister - DEBUG - Reading testsuite configuration files under C:\ncs\v3.0.2\zephyr\samples\sensor\sensor_shell\tests\balance...
2025-11-23 17:30:01,069 - twister - DEBUG - Found possible testsuite in C:\ncs\v3.0.2\zephyr\samples\sensor\sensor_shell\tests\balance
2025-11-23 17:30:01,079 - twister - DEBUG - No duplicates found.
2025-11-23 17:30:01,080 - twister - DEBUG - platform filter: ['qemu_cortex_m3']
2025-11-23 17:30:01,080 - twister - DEBUG -   vendor filter: []
2025-11-23 17:30:01,080 - twister - DEBUG -     arch_filter: None
2025-11-23 17:30:01,080 - twister - DEBUG -      tag_filter: None
2025-11-23 17:30:01,080 - twister - DEBUG -     exclude_tag: None
2025-11-23 17:30:01,080 - twister - DEBUG - Checking platform filter: ['qemu_cortex_m3']
2025-11-23 17:30:01,080 - twister - INFO - Building initial testsuite list...
2025-11-23 17:30:01,083 - twister - INFO - Writing JSON report C:\ncs\v3.0.2\zephyr\samples\sensor\sensor_shell\twister-out\testplan.json
2025-11-23 17:30:01,162 - twister - INFO - Adding tasks to the queue...
2025-11-23 17:30:01,162 - twister - DEBUG - adding qemu_cortex_m3/ti_lm3s6965\zephyr\samples/sensor/sensor_shell/tests/balance/horse.balance.unit
2025-11-23 17:30:01,356 - twister - INFO - Added initial list of jobs to queue
2025-11-23 17:30:03,376 - twister - DEBUG - Launched 32 jobs
2025-11-23 17:31:40,110 - twister - INFO - 1 test scenarios (1 configurations) selected, 0 configurations filtered (0 by static filter, 0 at runtime).
2025-11-23 17:31:40,110 - twister - INFO - [32m1 of 1[39m executed test configurations passed (100.00%), 0 built (not run), 0 failed, 0 errored, with no warnings in 101.38 seconds.
2025-11-23 17:31:40,110 - twister - INFO - 5 of 5 executed test cases passed (100.00%) on 1 out of total 929 platforms (0.11%).
2025-11-23 17:31:40,110 - twister - INFO - [32m1[39m test configurations executed on platforms, [36m0[39m test configurations were only built.
2025-11-23 17:31:40,110 - twister - INFO - Saving reports...
2025-11-23 17:31:40,110 - twister - INFO - Writing JSON report C:\ncs\v3.0.2\zephyr\samples\sensor\sensor_shell\twister-out\twister.json
2025-11-23 17:31:40,111 - twister - INFO - Writing xunit report C:\ncs\v3.0.2\zephyr\samples\sensor\sensor_shell\twister-out\twister.xml...
2025-11-23 17:31:40,121 - twister - INFO - Writing xunit report C:\ncs\v3.0.2\zephyr\samples\sensor\sensor_shell\twister-out\twister_report.xml...
2025-11-23 17:31:40,123 - twister - INFO - Run completed
