*** Booting nRF Connect SDK v3.0.2-89ba1294ac9b ***
*** Using Zephyr OS v4.0.99-f791c49f492c ***
Running TESTSUITE horse_balance
===================================================================
START - test_back_to_balanced_resets_state

   Assertion succeeded at CMAKE_SOURCE_DIR/src/balance_test.c:119 (horse_balance_test_back_to_balanced_resets_state)

   Assertion succeeded at CMAKE_SOURCE_DIR/src/balance_test.c:130 (horse_balance_test_back_to_balanced_resets_state)

   Assertion succeeded at CMAKE_SOURCE_DIR/src/balance_test.c:132 (horse_balance_test_back_to_balanced_resets_state)

   Assertion succeeded at CMAKE_SOURCE_DIR/src/balance_test.c:133 (horse_balance_test_back_to_balanced_resets_state)
 PASS - test_back_to_balanced_resets_state in 0.002 seconds
===================================================================
START - test_fh_imbalance_when_pitch_exceeds_threshold

   Assertion succeeded at CMAKE_SOURCE_DIR/src/balance_test.c:99 (horse_balance_test_fh_imbalance_when_pitch_exceeds_threshold)

   Assertion succeeded at CMAKE_SOURCE_DIR/src/balance_test.c:101 (horse_balance_test_fh_imbalance_when_pitch_exceeds_threshold)

   Assertion succeeded at CMAKE_SOURCE_DIR/src/balance_test.c:102 (horse_balance_test_fh_imbalance_when_pitch_exceeds_threshold)
 PASS - test_fh_imbalance_when_pitch_exceeds_threshold in 0.002 seconds
===================================================================
START - test_first_update_sets_baseline_only

   Assertion succeeded at CMAKE_SOURCE_DIR/src/balance_test.c:46 (horse_balance_test_first_update_sets_baseline_only)

   Assertion succeeded at CMAKE_SOURCE_DIR/src/balance_test.c:9 (expect_float_eq)

   Assertion succeeded at CMAKE_SOURCE_DIR/src/balance_test.c:9 (expect_float_eq)

   Assertion succeeded at CMAKE_SOURCE_DIR/src/balance_test.c:50 (horse_balance_test_first_update_sets_baseline_only)

   Assertion succeeded at CMAKE_SOURCE_DIR/src/balance_test.c:51 (horse_balance_test_first_update_sets_baseline_only)

   Assertion succeeded at CMAKE_SOURCE_DIR/src/balance_test.c:52 (horse_balance_test_first_update_sets_baseline_only)
 PASS - test_first_update_sets_baseline_only in 0.002 seconds
===================================================================
START - test_init_sets_fields

   Assertion succeeded at CMAKE_SOURCE_DIR/src/balance_test.c:19 (horse_balance_test_init_sets_fields)

   Assertion succeeded at CMAKE_SOURCE_DIR/src/balance_test.c:9 (expect_float_eq)

   Assertion succeeded at CMAKE_SOURCE_DIR/src/balance_test.c:9 (expect_float_eq)

   Assertion succeeded at CMAKE_SOURCE_DIR/src/balance_test.c:9 (expect_float_eq)

   Assertion succeeded at CMAKE_SOURCE_DIR/src/balance_test.c:9 (expect_float_eq)

   Assertion succeeded at CMAKE_SOURCE_DIR/src/balance_test.c:9 (expect_float_eq)

   Assertion succeeded at CMAKE_SOURCE_DIR/src/balance_test.c:27 (horse_balance_test_init_sets_fields)

   Assertion succeeded at CMAKE_SOURCE_DIR/src/balance_test.c:28 (horse_balance_test_init_sets_fields)

   Assertion succeeded at CMAKE_SOURCE_DIR/src/balance_test.c:29 (horse_balance_test_init_sets_fields)
 PASS - test_init_sets_fields in 0.003 seconds
===================================================================
START - test_lr_imbalance_when_roll_exceeds_threshold

   Assertion succeeded at CMAKE_SOURCE_DIR/src/balance_test.c:74 (horse_balance_test_lr_imbalance_when_roll_exceeds_threshold)

   Assertion succeeded at CMAKE_SOURCE_DIR/src/balance_test.c:76 (horse_balance_test_lr_imbalance_when_roll_exceeds_threshold)

   Assertion succeeded at CMAKE_SOURCE_DIR/src/balance_test.c:77 (horse_balance_test_lr_imbalance_when_roll_exceeds_threshold)
 PASS - test_lr_imbalance_when_roll_exceeds_threshold in 0.002 seconds
===================================================================
TESTSUITE horse_balance succeeded

------ TESTSUITE SUMMARY START ------

SUITE PASS - 100.00% [horse_balance]: pass = 5, fail = 0, skip = 0, total = 5 duration = 0.011 seconds
 - PASS - [horse_balance.test_back_to_balanced_resets_state] duration = 0.002 seconds
 - PASS - [horse_balance.test_fh_imbalance_when_pitch_exceeds_threshold] duration = 0.002 seconds
 - PASS - [horse_balance.test_first_update_sets_baseline_only] duration = 0.002 seconds
 - PASS - [horse_balance.test_init_sets_fields] duration = 0.003 seconds
 - PASS - [horse_balance.test_lr_imbalance_when_roll_exceeds_threshold] duration = 0.002 seconds

------ TESTSUITE SUMMARY END ------

===================================================================
RunID: eaa0f0eb2464196044f11c858800b453
PROJECT EXECUTION SUCCESSFUL
