2025-11-24 15:35:54,739 - twister - INFO - Using Ninja..
2025-11-24 15:35:54,917 - twister - INFO - Zephyr version: v4.0.99-ncs1-2
2025-11-24 15:35:54,933 - twister - DEBUG - Running cmake script c:\ncs\v3.0.2\zephyr\cmake\verify-toolchain.cmake
2025-11-24 15:35:54,934 - twister - DEBUG - Calling cmake: ['C:\\ncs\\toolchains\\0b393f9e1b\\opt\\bin\\cmake.EXE', '-DFORMAT=json', '-P', 'c:\\ncs\\v3.0.2\\zephyr\\cmake\\verify-toolchain.cmake']
2025-11-24 15:35:55,652 - twister - DEBUG - Finished running c:\ncs\v3.0.2\zephyr\cmake\verify-toolchain.cmake
2025-11-24 15:35:55,652 - twister - INFO - Using 'zephyr' toolchain.
2025-11-24 15:35:57,059 - twister - DEBUG - Reading testsuite configuration files under C:\tmp\iot-venture-f25-helldivers\aws_iot_sensor\tests\balance...
2025-11-24 15:35:57,060 - twister - DEBUG - Found possible testsuite in C:\tmp\iot-venture-f25-helldivers\aws_iot_sensor\tests\balance
2025-11-24 15:35:57,063 - twister - DEBUG - No duplicates found.
2025-11-24 15:35:57,064 - twister - DEBUG - platform filter: ['qemu_cortex_m3']
2025-11-24 15:35:57,064 - twister - DEBUG -   vendor filter: []
2025-11-24 15:35:57,064 - twister - DEBUG -     arch_filter: None
2025-11-24 15:35:57,064 - twister - DEBUG -      tag_filter: None
2025-11-24 15:35:57,064 - twister - DEBUG -     exclude_tag: None
2025-11-24 15:35:57,064 - twister - DEBUG - Checking platform filter: ['qemu_cortex_m3']
2025-11-24 15:35:57,064 - twister - INFO - Building initial testsuite list...
2025-11-24 15:35:57,065 - twister - INFO - Writing JSON report C:\tmp\iot-venture-f25-helldivers\aws_iot_sensor\twister-out\testplan.json
2025-11-24 15:35:57,144 - twister - INFO - Adding tasks to the queue...
2025-11-24 15:35:57,144 - twister - DEBUG - adding qemu_cortex_m3/ti_lm3s6965\zephyr\horse.balance.unit
2025-11-24 15:35:57,338 - twister - INFO - Added initial list of jobs to queue
2025-11-24 15:35:59,344 - twister - DEBUG - Launched 32 jobs
2025-11-24 15:37:13,193 - twister - INFO - 1 test scenarios (1 configurations) selected, 0 configurations filtered (0 by static filter, 0 at runtime).
2025-11-24 15:37:13,193 - twister - INFO - [32m1 of 1[39m executed test configurations passed (100.00%), 0 built (not run), 0 failed, 0 errored, with no warnings in 78.46 seconds.
2025-11-24 15:37:13,193 - twister - INFO - 5 of 5 executed test cases passed (100.00%) on 1 out of total 929 platforms (0.11%).
2025-11-24 15:37:13,193 - twister - INFO - [32m1[39m test configurations executed on platforms, [36m0[39m test configurations were only built.
2025-11-24 15:37:13,193 - twister - INFO - Saving reports...
2025-11-24 15:37:13,193 - twister - INFO - Writing JSON report C:\tmp\iot-venture-f25-helldivers\aws_iot_sensor\twister-out\twister.json
2025-11-24 15:37:13,194 - twister - INFO - Writing xunit report C:\tmp\iot-venture-f25-helldivers\aws_iot_sensor\twister-out\twister.xml...
2025-11-24 15:37:13,202 - twister - INFO - Writing xunit report C:\tmp\iot-venture-f25-helldivers\aws_iot_sensor\twister-out\twister_report.xml...
2025-11-24 15:37:13,205 - twister - INFO - Run completed
